::1 - - [23/Jul/2021:05:38:57 +0000] "GET /video/detail?url=https://www.youtube.com/watch?v=mWRsgZuwf_8 HTTP/1.1" 200 - "http://localhost:3000/" "Mozilla/5.0 (Windows NT 10.0; Win64; x64) AppleWebKit/537.36 (KHTML, like Gecko) Chrome/92.0.4515.107 Safari/537.36"
::1 - - [23/Jul/2021:05:39:35 +0000] "GET /video/detail?url=https://www.youtube.com/watch?v=mWRsgZuwf_8 HTTP/1.1" 200 - "http://localhost:3000/" "Mozilla/5.0 (Windows NT 10.0; Win64; x64) AppleWebKit/537.36 (KHTML, like Gecko) Chrome/92.0.4515.107 Safari/537.36"
::1 - - [23/Jul/2021:05:40:26 +0000] "GET /video/detail?url=https://www.youtube.com/watch?v=mWRsgZuwf_8 HTTP/1.1" 200 - "http://localhost:3000/" "Mozilla/5.0 (Windows NT 10.0; Win64; x64) AppleWebKit/537.36 (KHTML, like Gecko) Chrome/92.0.4515.107 Safari/537.36"
::1 - - [23/Jul/2021:05:40:46 +0000] "GET /video/detail?url=https://www.youtube.com/watch?v=mWRsgZuwf_8 HTTP/1.1" 200 - "http://localhost:3000/" "Mozilla/5.0 (Windows NT 10.0; Win64; x64) AppleWebKit/537.36 (KHTML, like Gecko) Chrome/92.0.4515.107 Safari/537.36"
::1 - - [23/Jul/2021:05:43:06 +0000] "GET /video/detail?url=https://www.youtube.com/watch?v=mWRsgZuwf_8 HTTP/1.1" 200 - "http://localhost:3000/" "Mozilla/5.0 (Windows NT 10.0; Win64; x64) AppleWebKit/537.36 (KHTML, like Gecko) Chrome/92.0.4515.107 Safari/537.36"
::1 - - [23/Jul/2021:10:44:24 +0000] "GET /video/detail?url=https://www.youtube.com/watch?v=mWRsgZuwf_8 HTTP/1.1" 200 - "http://localhost:3000/" "Mozilla/5.0 (Windows NT 10.0; Win64; x64) AppleWebKit/537.36 (KHTML, like Gecko) Chrome/92.0.4515.107 Safari/537.36"
::1 - - [23/Jul/2021:10:49:05 +0000] "GET /video/detail?url=https://www.youtube.com/watch?v=mWRsgZuwf_8 HTTP/1.1" 200 - "http://localhost:3000/" "Mozilla/5.0 (Windows NT 10.0; Win64; x64) AppleWebKit/537.36 (KHTML, like Gecko) Chrome/92.0.4515.107 Safari/537.36"
::1 - - [23/Jul/2021:10:50:27 +0000] "GET /video/detail?url=https://www.youtube.com/watch?v=mWRsgZuwf_8 HTTP/1.1" 200 - "http://localhost:3000/" "Mozilla/5.0 (Windows NT 10.0; Win64; x64) AppleWebKit/537.36 (KHTML, like Gecko) Chrome/92.0.4515.107 Safari/537.36"
::1 - - [23/Jul/2021:10:50:49 +0000] "GET /video/detail?url=https://www.youtube.com/watch?v=4NRXx6U8ABQ HTTP/1.1" 200 - "http://localhost:3000/" "Mozilla/5.0 (Windows NT 10.0; Win64; x64) AppleWebKit/537.36 (KHTML, like Gecko) Chrome/92.0.4515.107 Safari/537.36"
::1 - - [23/Jul/2021:10:52:14 +0000] "GET /video/detail?url=https://www.youtube.com/watch?v=4NRXx6U8ABQ HTTP/1.1" 200 - "http://localhost:3000/" "Mozilla/5.0 (Windows NT 10.0; Win64; x64) AppleWebKit/537.36 (KHTML, like Gecko) Chrome/92.0.4515.107 Safari/537.36"
::1 - - [23/Jul/2021:10:55:02 +0000] "GET /video/detail?url=https://www.youtube.com/watch?v=4NRXx6U8ABQ HTTP/1.1" 200 - "http://localhost:3000/" "Mozilla/5.0 (Windows NT 10.0; Win64; x64) AppleWebKit/537.36 (KHTML, like Gecko) Chrome/92.0.4515.107 Safari/537.36"
::1 - - [23/Jul/2021:10:55:44 +0000] "GET /video/detail?url=https://www.youtube.com/watch?v=4NRXx6U8ABQ HTTP/1.1" 200 - "http://localhost:3000/" "Mozilla/5.0 (Windows NT 10.0; Win64; x64) AppleWebKit/537.36 (KHTML, like Gecko) Chrome/92.0.4515.107 Safari/537.36"
::1 - - [23/Jul/2021:11:02:52 +0000] "GET /video/detail?url=https://www.youtube.com/watch?v=mWRsgZuwf_8 HTTP/1.1" 200 - "http://localhost:3000/" "Mozilla/5.0 (Windows NT 10.0; Win64; x64) AppleWebKit/537.36 (KHTML, like Gecko) Chrome/92.0.4515.107 Safari/537.36"
::1 - - [23/Jul/2021:11:04:04 +0000] "GET /video/detail?url=https://www.youtube.com/watch?v=mWRsgZuwf_8 HTTP/1.1" 200 - "http://localhost:3000/" "Mozilla/5.0 (Windows NT 10.0; Win64; x64) AppleWebKit/537.36 (KHTML, like Gecko) Chrome/92.0.4515.107 Safari/537.36"
::1 - - [23/Jul/2021:11:04:23 +0000] "GET /video?url=https://www.youtube.com/watch?v=mWRsgZuwf_8&itag=18&format=mp4 HTTP/1.1" 200 - "http://localhost:3000/" "Mozilla/5.0 (Windows NT 10.0; Win64; x64) AppleWebKit/537.36 (KHTML, like Gecko) Chrome/92.0.4515.107 Safari/537.36"
::1 - - [23/Jul/2021:11:10:04 +0000] "GET /video/detail?url=https://www.youtube.com/watch?v=mWRsgZuwf_8 HTTP/1.1" 200 - "http://localhost:3000/" "Mozilla/5.0 (Windows NT 10.0; Win64; x64) AppleWebKit/537.36 (KHTML, like Gecko) Chrome/92.0.4515.107 Safari/537.36"
::1 - - [24/Jul/2021:11:32:22 +0000] "GET /video/detail?url=https://www.youtube.com/watch?v=mWRsgZuwf_8 HTTP/1.1" 200 - "http://localhost:3000/" "Mozilla/5.0 (Windows NT 10.0; Win64; x64) AppleWebKit/537.36 (KHTML, like Gecko) Chrome/92.0.4515.107 Safari/537.36"
::1 - - [24/Jul/2021:11:36:22 +0000] "GET /video/detail?url=https://www.youtube.com/watch?v=4NRXx6U8ABQ HTTP/1.1" 200 - "http://localhost:3000/" "Mozilla/5.0 (Linux; Android 8.0.0; Pixel 2 XL Build/OPD1.170816.004) AppleWebKit/537.36 (KHTML, like Gecko) Chrome/92.0.4515.107 Mobile Safari/537.36"
::1 - - [24/Jul/2021:11:36:43 +0000] "GET /video/detail?url=https://www.youtube.com/watch?v=4NR HTTP/1.1" 200 237 "http://localhost:3000/" "Mozilla/5.0 (Linux; Android 8.0.0; Pixel 2 XL Build/OPD1.170816.004) AppleWebKit/537.36 (KHTML, like Gecko) Chrome/92.0.4515.107 Mobile Safari/537.36"
::1 - - [24/Jul/2021:11:37:31 +0000] "GET /video/detail?url=https://www.youtube.com/watch?v=4NR HTTP/1.1" 200 237 "http://localhost:3000/" "Mozilla/5.0 (Linux; Android 8.0.0; Pixel 2 XL Build/OPD1.170816.004) AppleWebKit/537.36 (KHTML, like Gecko) Chrome/92.0.4515.107 Mobile Safari/537.36"
::1 - - [24/Jul/2021:11:37:45 +0000] "GET /video/detail?url=https://www.youtube.com/watch?v=XXYlFuWEuKI HTTP/1.1" 200 - "http://localhost:3000/" "Mozilla/5.0 (Linux; Android 8.0.0; Pixel 2 XL Build/OPD1.170816.004) AppleWebKit/537.36 (KHTML, like Gecko) Chrome/92.0.4515.107 Mobile Safari/537.36"
::1 - - [24/Jul/2021:11:37:56 +0000] "GET /video/detail?url=https://www.youtube.com/watch?v=XXYl HTTP/1.1" 200 237 "http://localhost:3000/" "Mozilla/5.0 (Linux; Android 8.0.0; Pixel 2 XL Build/OPD1.170816.004) AppleWebKit/537.36 (KHTML, like Gecko) Chrome/92.0.4515.107 Mobile Safari/537.36"
::1 - - [24/Jul/2021:11:39:16 +0000] "GET /video/detail?url=https://www.youtube.com/watch?v=XXYl HTTP/1.1" 200 237 "http://localhost:3000/" "Mozilla/5.0 (Linux; Android 8.0.0; Pixel 2 XL Build/OPD1.170816.004) AppleWebKit/537.36 (KHTML, like Gecko) Chrome/92.0.4515.107 Mobile Safari/537.36"
::1 - - [24/Jul/2021:11:39:30 +0000] "GET /video/detail?url=https://www.youtube.com/watch?v=XXYlFuWEuKI HTTP/1.1" 200 - "http://localhost:3000/" "Mozilla/5.0 (Linux; Android 8.0.0; Pixel 2 XL Build/OPD1.170816.004) AppleWebKit/537.36 (KHTML, like Gecko) Chrome/92.0.4515.107 Mobile Safari/537.36"
::1 - - [24/Jul/2021:11:39:37 +0000] "GET /video/detail?url=https://www.youtube.com/watch?v=XXYlFu HTTP/1.1" 200 237 "http://localhost:3000/" "Mozilla/5.0 (Linux; Android 8.0.0; Pixel 2 XL Build/OPD1.170816.004) AppleWebKit/537.36 (KHTML, like Gecko) Chrome/92.0.4515.107 Mobile Safari/537.36"
::1 - - [24/Jul/2021:11:41:34 +0000] "GET /video/detail?url=https://www.youtube.com/watch?v=XXYlFu HTTP/1.1" 200 237 "http://localhost:3000/" "Mozilla/5.0 (Linux; Android 8.0.0; Pixel 2 XL Build/OPD1.170816.004) AppleWebKit/537.36 (KHTML, like Gecko) Chrome/92.0.4515.107 Mobile Safari/537.36"
::1 - - [24/Jul/2021:11:42:30 +0000] "GET /video/detail?url=https://www.youtube.com/watch?v=XXYlFuWEuKI HTTP/1.1" 200 - "http://localhost:3000/" "Mozilla/5.0 (Linux; Android 8.0.0; Pixel 2 XL Build/OPD1.170816.004) AppleWebKit/537.36 (KHTML, like Gecko) Chrome/92.0.4515.107 Mobile Safari/537.36"
::1 - - [24/Jul/2021:11:42:40 +0000] "GET /video/detail?url=https://www.youtube.com/watch?v=XFuWEuKI HTTP/1.1" 200 237 "http://localhost:3000/" "Mozilla/5.0 (Linux; Android 8.0.0; Pixel 2 XL Build/OPD1.170816.004) AppleWebKit/537.36 (KHTML, like Gecko) Chrome/92.0.4515.107 Mobile Safari/537.36"
::1 - - [24/Jul/2021:11:43:24 +0000] "GET /video/detail?url=https://www.youtube.com/watch?v=XFuWEuKI HTTP/1.1" 200 125 "http://localhost:3000/" "Mozilla/5.0 (Linux; Android 8.0.0; Pixel 2 XL Build/OPD1.170816.004) AppleWebKit/537.36 (KHTML, like Gecko) Chrome/92.0.4515.107 Mobile Safari/537.36"
::1 - - [24/Jul/2021:11:44:19 +0000] "GET /video/detail?url=https://www.youtube.com/watch?v=XFuWEuKI HTTP/1.1" 200 125 "http://localhost:3000/" "Mozilla/5.0 (Linux; Android 8.0.0; Pixel 2 XL Build/OPD1.170816.004) AppleWebKit/537.36 (KHTML, like Gecko) Chrome/92.0.4515.107 Mobile Safari/537.36"
::1 - - [24/Jul/2021:11:45:40 +0000] "GET /video/detail?url=https://www.youtube.com/watch?v=XFuWEuKI HTTP/1.1" 200 125 "http://localhost:3000/" "Mozilla/5.0 (Linux; Android 8.0.0; Pixel 2 XL Build/OPD1.170816.004) AppleWebKit/537.36 (KHTML, like Gecko) Chrome/92.0.4515.107 Mobile Safari/537.36"
::1 - - [24/Jul/2021:11:47:12 +0000] "GET /video/detail?url=https://www.youtube.com/watch?v=4NRXx6U8ABQ HTTP/1.1" 200 - "http://localhost:3000/" "Mozilla/5.0 (Linux; Android 8.0.0; Pixel 2 XL Build/OPD1.170816.004) AppleWebKit/537.36 (KHTML, like Gecko) Chrome/92.0.4515.107 Mobile Safari/537.36"
::1 - - [24/Jul/2021:11:48:55 +0000] "GET /video/detail?url=https://www.youtube.com/watch?v=4NRXx6U8ABQ HTTP/1.1" 200 - "http://localhost:3000/" "Mozilla/5.0 (Linux; Android 8.0.0; Pixel 2 XL Build/OPD1.170816.004) AppleWebKit/537.36 (KHTML, like Gecko) Chrome/92.0.4515.107 Mobile Safari/537.36"
::1 - - [24/Jul/2021:11:50:20 +0000] "GET /video/detail?url=https://www.youtube.com/watch?v=XXYlFuWEuKI HTTP/1.1" 200 - "http://localhost:3000/" "Mozilla/5.0 (Linux; Android 8.0.0; Pixel 2 XL Build/OPD1.170816.004) AppleWebKit/537.36 (KHTML, like Gecko) Chrome/92.0.4515.107 Mobile Safari/537.36"
::1 - - [24/Jul/2021:11:53:45 +0000] "GET /video/detail?url=https://www.youtube.com/watch?v=XXYlFuWEuKI HTTP/1.1" 200 - "http://localhost:3000/" "Mozilla/5.0 (Linux; Android 8.0.0; Pixel 2 XL Build/OPD1.170816.004) AppleWebKit/537.36 (KHTML, like Gecko) Chrome/92.0.4515.107 Mobile Safari/537.36"
::1 - - [24/Jul/2021:11:54:54 +0000] "GET /video/detail?url=https://www.youtube.com/watch?v=XlFuWEuKI HTTP/1.1" 200 125 "http://localhost:3000/" "Mozilla/5.0 (Linux; Android 8.0.0; Pixel 2 XL Build/OPD1.170816.004) AppleWebKit/537.36 (KHTML, like Gecko) Chrome/92.0.4515.107 Mobile Safari/537.36"
::1 - - [24/Jul/2021:11:55:18 +0000] "GET /video/detail?url=https://www.youtube.com/watch?v=XXYlFuWEuKI HTTP/1.1" 200 - "http://localhost:3000/" "Mozilla/5.0 (Linux; Android 8.0.0; Pixel 2 XL Build/OPD1.170816.004) AppleWebKit/537.36 (KHTML, like Gecko) Chrome/92.0.4515.107 Mobile Safari/537.36"
::1 - - [24/Jul/2021:11:55:34 +0000] "GET /video/detail?url=https://www.youtube.com/watch?v=XXYlFuWE HTTP/1.1" 200 125 "http://localhost:3000/" "Mozilla/5.0 (Linux; Android 8.0.0; Pixel 2 XL Build/OPD1.170816.004) AppleWebKit/537.36 (KHTML, like Gecko) Chrome/92.0.4515.107 Mobile Safari/537.36"
::1 - - [24/Jul/2021:11:56:39 +0000] "GET /video/detail?url=https://www.youtube.com/watch?v=XXYlFuWEuKI HTTP/1.1" 200 - "http://localhost:3000/" "Mozilla/5.0 (Linux; Android 8.0.0; Pixel 2 XL Build/OPD1.170816.004) AppleWebKit/537.36 (KHTML, like Gecko) Chrome/92.0.4515.107 Mobile Safari/537.36"
::1 - - [24/Jul/2021:11:56:47 +0000] "GET /video/detail?url=https://www.youtube.com/watch?v=XXYlFKI HTTP/1.1" 200 136 "http://localhost:3000/" "Mozilla/5.0 (Linux; Android 8.0.0; Pixel 2 XL Build/OPD1.170816.004) AppleWebKit/537.36 (KHTML, like Gecko) Chrome/92.0.4515.107 Mobile Safari/537.36"
::1 - - [24/Jul/2021:11:57:03 +0000] "GET /video/detail?url=https://www.youtube.com/watch?v=XXYlFuWEuKI HTTP/1.1" 200 - "http://localhost:3000/" "Mozilla/5.0 (Linux; Android 8.0.0; Pixel 2 XL Build/OPD1.170816.004) AppleWebKit/537.36 (KHTML, like Gecko) Chrome/92.0.4515.107 Mobile Safari/537.36"
::1 - - [24/Jul/2021:11:57:14 +0000] "GET /video?url=https://www.youtube.com/watch?v=XXYlFuWEuKI&itag=18&format=mp4 HTTP/1.1" 200 - "http://localhost:3000/" "Mozilla/5.0 (Linux; Android 8.0.0; Pixel 2 XL Build/OPD1.170816.004) AppleWebKit/537.36 (KHTML, like Gecko) Chrome/92.0.4515.107 Mobile Safari/537.36"
